<html>
<body>
<pre>
<h1>µVision Build Log</h1>
<h2>Tool Versions:</h2>
IDE-Version: µVision V5.31.0.0
Copyright (C) 2020 ARM Ltd and ARM Germany GmbH. All rights reserved.
License Information: James Runtas, Carleton, LIC=----
 
Tool Versions:
Toolchain:       MDK-Lite  Version: 5.31.0.0
Toolchain Path:  D:\sysc3310\ARM\ARMCLANG\Bin
C Compiler:      ArmClang.exe V6.14
Assembler:       Armasm.exe V6.14
Linker/Locator:  ArmLink.exe V6.14
Library Manager: ArmAr.exe V6.14
Hex Converter:   FromElf.exe V6.14
CPU DLL:         SARMCM3.DLL V5.31.0.0
Dialog DLL:      DCM.DLL V1.17.3.0
Target DLL:      UL2CM3.DLL V1.163.4.0
Dialog DLL:      TCM.DLL V1.46.0.0
 
<h2>Project:</h2>
C:\Users\James\Documents\sysc3310 labs\lab 1\lab1.uvprojx
Project File Date:  09/14/2020

<h2>Output:</h2>
*** Using Compiler 'V6.14', folder: 'D:\sysc3310\ARM\ARMCLANG\Bin'
Build target 'Target 1'
RTE/Device/MSP432P401R/system_msp432p401r.c(46): warning: In file included from...
D:/sysc3310/TexasInstruments/MSP432P4xx_DFP/3.2.6/Device/Include\msp.h(46): warning: In file included from...
D:/sysc3310/TexasInstruments/MSP432P4xx_DFP/3.2.6/Device/Include/msp432p401r.h(235): warning: In file included from...
D:/sysc3310/ARM/CMSIS/5.7.0/CMSIS/Core/Include\core_cm4.h(162): warning: In file included from...
D:/sysc3310/ARM/CMSIS/5.7.0/CMSIS/Core/Include/cmsis_compiler.h(47): warning: In file included from...
D:/sysc3310/ARM/CMSIS/5.7.0/CMSIS/Core/Include/cmsis_armclang.h(33): warning: In file included from...
D:\sysc3310\ARM\ARMCLANG\Bin\..\include\arm_compat.h(8): warning: In file included from...
D:\sysc3310\ARM\ARMCLANG\Bin\..\include\arm_acle.h(35): error: too many arguments provided to function-like macro invocation
static __inline__ void __attribute__((__always_inline__, __nodebug__)) __wfi(void) {
                                                                             ^
D:/sysc3310/TexasInstruments/MSP432P4xx_DFP/3.2.6/Device/Include/msp_compatibility.h(144): note: macro '__wfi' defined here
#define __wfi()                         __asm("  wfi")
        ^
RTE/Device/MSP432P401R/system_msp432p401r.c(46): warning: In file included from...
D:/sysc3310/TexasInstruments/MSP432P4xx_DFP/3.2.6/Device/Include\msp.h(46): warning: In file included from...
D:/sysc3310/TexasInstruments/MSP432P4xx_DFP/3.2.6/Device/Include/msp432p401r.h(235): warning: In file included from...
D:/sysc3310/ARM/CMSIS/5.7.0/CMSIS/Core/Include\core_cm4.h(162): warning: In file included from...
D:/sysc3310/ARM/CMSIS/5.7.0/CMSIS/Core/Include/cmsis_compiler.h(47): warning: In file included from...
D:/sysc3310/ARM/CMSIS/5.7.0/CMSIS/Core/Include/cmsis_armclang.h(33): warning: In file included from...
D:\sysc3310\ARM\ARMCLANG\Bin\..\include\arm_compat.h(8): warning: In file included from...
D:\sysc3310\ARM\ARMCLANG\Bin\..\include\arm_acle.h(35): error: 'inline' can only appear on functions
static __inline__ void __attribute__((__always_inline__, __nodebug__)) __wfi(void) {
       ^
D:\sysc3310\ARM\ARMCLANG\Bin\..\include\arm_acle.h(35): error: variable has incomplete type 'void'
static __inline__ void __attribute__((__always_inline__, __nodebug__)) __wfi(void) {
                                                                       ^
D:\sysc3310\ARM\ARMCLANG\Bin\..\include\arm_acle.h(35): error: expected ';' after top level declarator
static __inline__ void __attribute__((__always_inline__, __nodebug__)) __wfi(void) {
                                                                            ^
D:\sysc3310\ARM\ARMCLANG\Bin\..\include\arm_acle.h(339): error: unknown type name 'int8x4_t'; did you mean 'uint8x4_t'?
__sxtab16(int16x2_t __a, int8x4_t __b) {
                         ^
D:\sysc3310\ARM\ARMCLANG\Bin\..\include\arm_acle.h(335): note: 'uint8x4_t' declared here
typedef uint32_t uint8x4_t;
                 ^
D:\sysc3310\ARM\ARMCLANG\Bin\..\include\arm_acle.h(343): error: unknown type name 'int8x4_t'; did you mean 'uint8x4_t'?
__sxtb16(int8x4_t __a) {
         ^
D:\sysc3310\ARM\ARMCLANG\Bin\..\include\arm_acle.h(335): note: 'uint8x4_t' declared here
typedef uint32_t uint8x4_t;
                 ^
D:\sysc3310\ARM\ARMCLANG\Bin\..\include\arm_acle.h(347): error: unknown type name 'int8x4_t'; did you mean 'uint8x4_t'?
__uxtab16(int16x2_t __a, int8x4_t __b) {
                         ^
D:\sysc3310\ARM\ARMCLANG\Bin\..\include\arm_acle.h(335): note: 'uint8x4_t' declared here
typedef uint32_t uint8x4_t;
                 ^
D:\sysc3310\ARM\ARMCLANG\Bin\..\include\arm_acle.h(351): error: unknown type name 'int8x4_t'; did you mean 'uint8x4_t'?
__uxtb16(int8x4_t __a) {
         ^
D:\sysc3310\ARM\ARMCLANG\Bin\..\include\arm_acle.h(335): note: 'uint8x4_t' declared here
typedef uint32_t uint8x4_t;
                 ^
D:\sysc3310\ARM\ARMCLANG\Bin\..\include\arm_acle.h(366): error: unknown type name 'int8x4_t'; did you mean 'uint8x4_t'?
static __inline__ int8x4_t __attribute__((__always_inline__, __nodebug__))
                  ^
D:\sysc3310\ARM\ARMCLANG\Bin\..\include\arm_acle.h(335): note: 'uint8x4_t' declared here
typedef uint32_t uint8x4_t;
                 ^
D:\sysc3310\ARM\ARMCLANG\Bin\..\include\arm_acle.h(367): error: unknown type name 'int8x4_t'; did you mean 'uint8x4_t'?
__qadd8(int8x4_t __a, int8x4_t __b) {
        ^
D:\sysc3310\ARM\ARMCLANG\Bin\..\include\arm_acle.h(335): note: 'uint8x4_t' declared here
typedef uint32_t uint8x4_t;
                 ^
D:\sysc3310\ARM\ARMCLANG\Bin\..\include\arm_acle.h(367): error: unknown type name 'int8x4_t'; did you mean 'uint8x4_t'?
__qadd8(int8x4_t __a, int8x4_t __b) {
                      ^
D:\sysc3310\ARM\ARMCLANG\Bin\..\include\arm_acle.h(335): note: 'uint8x4_t' declared here
typedef uint32_t uint8x4_t;
                 ^
D:\sysc3310\ARM\ARMCLANG\Bin\..\include\arm_acle.h(370): error: unknown type name 'int8x4_t'; did you mean 'uint8x4_t'?
static __inline__ int8x4_t __attribute__((__always_inline__, __nodebug__))
                  ^
D:\sysc3310\ARM\ARMCLANG\Bin\..\include\arm_acle.h(335): note: 'uint8x4_t' declared here
typedef uint32_t uint8x4_t;
                 ^
D:\sysc3310\ARM\ARMCLANG\Bin\..\include\arm_acle.h(371): error: unknown type name 'int8x4_t'; did you mean 'uint8x4_t'?
__qsub8(int8x4_t __a, int8x4_t __b) {
        ^
D:\sysc3310\ARM\ARMCLANG\Bin\..\include\arm_acle.h(335): note: 'uint8x4_t' declared here
typedef uint32_t uint8x4_t;
                 ^
D:\sysc3310\ARM\ARMCLANG\Bin\..\include\arm_acle.h(371): error: unknown type name 'int8x4_t'; did you mean 'uint8x4_t'?
__qsub8(int8x4_t __a, int8x4_t __b) {
                      ^
D:\sysc3310\ARM\ARMCLANG\Bin\..\include\arm_acle.h(335): note: 'uint8x4_t' declared here
typedef uint32_t uint8x4_t;
                 ^
D:\sysc3310\ARM\ARMCLANG\Bin\..\include\arm_acle.h(374): error: unknown type name 'int8x4_t'; did you mean 'uint8x4_t'?
static __inline__ int8x4_t __attribute__((__always_inline__, __nodebug__))
                  ^
D:\sysc3310\ARM\ARMCLANG\Bin\..\include\arm_acle.h(335): note: 'uint8x4_t' declared here
typedef uint32_t uint8x4_t;
                 ^
D:\sysc3310\ARM\ARMCLANG\Bin\..\include\arm_acle.h(375): error: unknown type name 'int8x4_t'; did you mean 'uint8x4_t'?
__sadd8(int8x4_t __a, int8x4_t __b) {
        ^
D:\sysc3310\ARM\ARMCLANG\Bin\..\include\arm_acle.h(335): note: 'uint8x4_t' declared here
typedef uint32_t uint8x4_t;
                 ^
D:\sysc3310\ARM\ARMCLANG\Bin\..\include\arm_acle.h(375): error: unknown type name 'int8x4_t'; did you mean 'uint8x4_t'?
__sadd8(int8x4_t __a, int8x4_t __b) {
                      ^
D:\sysc3310\ARM\ARMCLANG\Bin\..\include\arm_acle.h(335): note: 'uint8x4_t' declared here
typedef uint32_t uint8x4_t;
                 ^
D:\sysc3310\ARM\ARMCLANG\Bin\..\include\arm_acle.h(378): error: unknown type name 'int8x4_t'; did you mean 'uint8x4_t'?
static __inline__ int8x4_t __attribute__((__always_inline__, __nodebug__))
                  ^
D:\sysc3310\ARM\ARMCLANG\Bin\..\include\arm_acle.h(335): note: 'uint8x4_t' declared here
typedef uint32_t uint8x4_t;
                 ^
D:\sysc3310\ARM\ARMCLANG\Bin\..\include\arm_acle.h(379): error: unknown type name 'int8x4_t'; did you mean 'uint8x4_t'?
__shadd8(int8x4_t __a, int8x4_t __b) {
         ^
D:\sysc3310\ARM\ARMCLANG\Bin\..\include\arm_acle.h(335): note: 'uint8x4_t' declared here
typedef uint32_t uint8x4_t;
                 ^
fatal error: too many errors emitted, stopping now [-ferror-limit=]
20 errors generated.
compiling system_msp432p401r.c...
".\Objects\lab1.axf" - 19 Error(s), 0 Warning(s).

<h2>Software Packages used:</h2>

Package Vendor: ARM
                http://www.keil.com/pack/ARM.CMSIS.5.7.0.pack
                ARM.CMSIS.5.7.0
                CMSIS (Cortex Microcontroller Software Interface Standard)
   * Component: CORE Version: 5.4.0

Package Vendor: TexasInstruments
                http://software-dl.ti.com/msp430/msp430_public_sw/mcu/msp430/msp432cmsis/latest/exports/TexasInstruments.MSP432P4xx_DFP.3.2.6.pack
                TexasInstruments.MSP432P4xx_DFP.3.2.6
                Device Family Pack for Texas Instruments SimpleLink(TM) MSP432 Series
   * Component: Startup Version: 3.2.2

<h2>Collection of Component include folders:</h2>
  .\RTE\_Target_1
  D:\sysc3310\ARM\CMSIS\5.7.0\CMSIS\Core\Include
  D:\sysc3310\TexasInstruments\MSP432P4xx_DFP\3.2.6\Device\Include

<h2>Collection of Component Files used:</h2>

   * Component: ARM::CMSIS:CORE:5.4.0

   * Component: TexasInstruments::Device:Startup:3.2.2
      Source file:   Device\Source\system_msp432p401r.c
      Source file:   Examples\BlinkLED\blinkLED.c
      Source file:   Device\Source\startup_msp432p401r_uvision.s
      Source file:   Examples\EmptyMain\main.c
      Include file:  Device\Include\msp_compatibility.h
Target not created.
Build Time Elapsed:  00:00:00
</pre>
</body>
</html>
